Build started 13-04-2016 09:54:07.
     1>Project "C:\Universidade\Investigacao\Netplus\GitHub\Netplus\sdf\qpsk_transmitter\QPSK_Transmitter.vcxproj" on node 2 (Rebuild target(s)).
     1>ClCompile:
         C:\Program Files (x86)\Microsoft Visual Studio 12.0\VC\bin\CL.exe /c /ZI /nologo /W3 /WX- /Od /Oy- /D WIN32 /D _DEBUG /D _CONSOLE /D _LIB /D _UNICODE /D UNICODE /Gm /EHsc /RTC1 /MDd /GS /fp:precise /Zc:wchar_t /Zc:forScope /Fo"Debug\\" /Fd"Debug\vc120.pdb" /Gd /TP /analyze- /errorReport:prompt ..\..\lib\binary_source.cpp ..\..\lib\m_qam_mapper.cpp ..\..\lib\netplus.cpp ..\..\lib\pulse_shaper.cpp ..\..\lib\sink.cpp qpsk_transmitter_sdf.cpp
         qpsk_transmitter_sdf.cpp
         sink.cpp
         pulse_shaper.cpp
         netplus.cpp
         m_qam_mapper.cpp
         binary_source.cpp
         Generating Code...
       Link:
         C:\Program Files (x86)\Microsoft Visual Studio 12.0\VC\bin\link.exe /ERRORREPORT:PROMPT /OUT:"C:\Universidade\Investigacao\Netplus\GitHub\Netplus\sdf\qpsk_transmitter\Debug\QPSK_Transmitter.exe" /INCREMENTAL /NOLOGO kernel32.lib user32.lib gdi32.lib winspool.lib comdlg32.lib advapi32.lib shell32.lib ole32.lib oleaut32.lib uuid.lib odbc32.lib odbccp32.lib /MANIFEST /MANIFESTUAC:"level='asInvoker' uiAccess='false'" /manifest:embed /DEBUG /PDB:"C:\Universidade\Investigacao\Netplus\GitHub\Netplus\sdf\qpsk_transmitter\Debug\QPSK_Transmitter.pdb" /SUBSYSTEM:CONSOLE /TLBID:1 /DYNAMICBASE /NXCOMPAT /IMPLIB:"C:\Universidade\Investigacao\Netplus\GitHub\Netplus\sdf\qpsk_transmitter\Debug\QPSK_Transmitter.lib" /MACHINE:X86 Debug\binary_source.obj
         Debug\m_qam_mapper.obj
         Debug\netplus.obj
         Debug\pulse_shaper.obj
         Debug\sink.obj
         Debug\qpsk_transmitter_sdf.obj
         QPSK_Transmitter.vcxproj -> C:\Universidade\Investigacao\Netplus\GitHub\Netplus\sdf\qpsk_transmitter\Debug\QPSK_Transmitter.exe
     1>Done Building Project "C:\Universidade\Investigacao\Netplus\GitHub\Netplus\sdf\qpsk_transmitter\QPSK_Transmitter.vcxproj" (Rebuild target(s)).

Build succeeded.

Time Elapsed 00:00:03.90
