c:\universidade\investigacao\netplus\github\netplus\sdf\qpsk_transmitter\debug\vc120.pdb
c:\universidade\investigacao\netplus\github\netplus\sdf\qpsk_transmitter\debug\vc120.idb
c:\universidade\investigacao\netplus\github\netplus\sdf\qpsk_transmitter\debug\binary_source.obj
c:\universidade\investigacao\netplus\github\netplus\sdf\qpsk_transmitter\debug\m_qam_mapper.obj
c:\universidade\investigacao\netplus\github\netplus\sdf\qpsk_transmitter\debug\netplus.obj
c:\universidade\investigacao\netplus\github\netplus\sdf\qpsk_transmitter\debug\pulse_shaper.obj
c:\universidade\investigacao\netplus\github\netplus\sdf\qpsk_transmitter\debug\sink.obj
c:\universidade\investigacao\netplus\github\netplus\sdf\qpsk_transmitter\debug\qpsk_transmitter_sdf.obj
c:\universidade\investigacao\netplus\github\netplus\sdf\qpsk_transmitter\debug\qpsk_transmitter.ilk
c:\universidade\investigacao\netplus\github\netplus\sdf\qpsk_transmitter\debug\qpsk_transmitter.exe
c:\universidade\investigacao\netplus\github\netplus\sdf\qpsk_transmitter\debug\qpsk_transmitter.pdb
c:\users\anp\documents\github\netplus\sdf\qpsk_transmitter\debug\binary_source.obj
c:\users\anp\documents\github\netplus\sdf\qpsk_transmitter\debug\m_qam_mapper.obj
c:\users\anp\documents\github\netplus\sdf\qpsk_transmitter\debug\netplus.obj
c:\users\anp\documents\github\netplus\sdf\qpsk_transmitter\debug\pulse_shaper.obj
c:\users\anp\documents\github\netplus\sdf\qpsk_transmitter\debug\qpsk_transmitter_sdf.obj
c:\users\anp\documents\github\netplus\sdf\qpsk_transmitter\debug\sink.obj
c:\users\anp\documents\github\netplus\sdf\qpsk_transmitter\debug\qpsk_transmitter.ilk
c:\users\anp\documents\github\netplus\sdf\qpsk_transmitter\debug\vc120.idb
c:\users\anp\documents\github\netplus\sdf\qpsk_transmitter\debug\qpsk_transmitter.pdb
c:\users\anp\documents\github\netplus\sdf\qpsk_transmitter\debug\vc120.pdb
c:\users\anp\documents\github\netplus\sdf\qpsk_transmitter\debug\qpsk_transmitter.exe
c:\users\anp\documents\github\netplus\sdf\qpsk_transmitter\debug\qpsk_transmitter.tlog\cl.command.1.tlog
c:\users\anp\documents\github\netplus\sdf\qpsk_transmitter\debug\qpsk_transmitter.tlog\cl.read.1.tlog
c:\users\anp\documents\github\netplus\sdf\qpsk_transmitter\debug\qpsk_transmitter.tlog\cl.write.1.tlog
c:\users\anp\documents\github\netplus\sdf\qpsk_transmitter\debug\qpsk_transmitter.tlog\link.command.1.tlog
c:\users\anp\documents\github\netplus\sdf\qpsk_transmitter\debug\qpsk_transmitter.tlog\link.read.1.tlog
c:\users\anp\documents\github\netplus\sdf\qpsk_transmitter\debug\qpsk_transmitter.tlog\link.write.1.tlog
